<?xml version="1.0" encoding="UTF-8"?>
<testsuites name="Testcase1Tom" time="14.142" tests="1" failures="0" errors="0">
   <testsuite name="Testcase1Tom" tests="1" failures="0" errors="0" time="14.142" skipped="0" timestamp="2021-07-12 17:38:23" hostname="DESKTOP-VHGJFSA$ - DESKTOP-VHGJFSA" id="Test Suites/Testcase1Tom">
      <properties>
         <property name="deviceName" value=""/>
         <property name="devicePlatform" value=""/>
         <property name="logFolder" value="C:\\Users\\Julian\\git\\KatalonGitTest2\\Reports\\20210712_173818\\Testcase1Tom\\20210712_173819"/>
         <property name="logFiles" value="C:\\Users\\Julian\\git\\KatalonGitTest2\\Reports\\20210712_173818\\Testcase1Tom\\20210712_173819\\execution0.log"/>
         <property name="attachments" value=""/>
         <property name="hostName" value="DESKTOP-VHGJFSA$ - DESKTOP-VHGJFSA"/>
         <property name="os" value="Windows 10 64bit"/>
         <property name="katalonVersion" value="8.0.5.208"/>
         <property name="browser" value="Chrome 91.0.4472.124"/>
         <property name="hostAddress" value="192.168.0.17"/>
         <property name="sessionId" value="cbd2d5e5fbd8d8bdce8db68a3dbfa77e"/>
         <property name="seleniumVersion" value="3.141.59"/>
         <property name="proxyInformation" value="ProxyInformation { proxyOption=NO_PROXY, proxyServerType=HTTP, username=, password=********, proxyServerAddress=, proxyServerPort=0, executionList=&quot;&quot;, isApplyToDesiredCapabilities=true }"/>
         <property name="platform" value="Windows 10"/>
      </properties>
      <testcase name="Test Cases/Test 1 by tom" time="13.306" classname="Test Cases/Test 1 by tom" status="PASSED">
         <system-out><![CDATA[2021-07-12 17:38:24 - [TEST_CASE][PASSED] - Test Cases/Test 1 by tom: Test Cases/Test 1 by tom

2021-07-12 17:38:24 - [TEST_STEP][PASSED] - openBrowser(""): Browser is opened with url: ''

2021-07-12 17:38:24 - [MESSAGE][INFO] - Starting 'Chrome' driver

2021-07-12 17:38:24 - [MESSAGE][INFO] - Action delay is set to 0 milliseconds

2021-07-12 17:38:27 - [MESSAGE][PASSED] - Browser is opened with url: ''

2021-07-12 17:38:27 - [TEST_STEP][PASSED] - navigateToUrl("lifecharger.org"): Navigate to 'http://lifecharger.org' successfully

2021-07-12 17:38:36 - [MESSAGE][PASSED] - Navigate to 'http://lifecharger.org' successfully

2021-07-12 17:38:36 - [TEST_STEP][PASSED] - closeBrowser(): Browser is closed

2021-07-12 17:38:37 - [MESSAGE][PASSED] - Browser is closed]]></system-out>
         <system-err><![CDATA[]]></system-err>
      </testcase>
      <system-out><![CDATA[2021-07-12 17:38:23 - [TEST_SUITE][PASSED] - Testcase1Tom: Test Cases/Test 1 by tom]]></system-out>
      <system-err><![CDATA[]]></system-err>
   </testsuite>
</testsuites>
